Build started 2013-10-9 22:36:37.
     1>Project "E:\vs_projects\Air Hockey Box2d\Air Hockey\proj.win32\Air Hockey.win32.vcxproj" on node 2 (build target(s)).
     1>InitializeBuildStatus:
         Creating "Debug.win32\Air Hockey.win32.unsuccessfulbuild" because "AlwaysCreate" was specified.
       ClCompile:
         E:\Program Files\Microsoft Visual Studio 10.0\VC\bin\CL.exe /c /I"E:\vs_projects\Air Hockey Box2d\external" /I. /I..\Classes /I"E:\vs_projects\Air Hockey Box2d\cocos2dx" /I"E:\vs_projects\Air Hockey Box2d\cocos2dx\include" /I"E:\vs_projects\Air Hockey Box2d\cocos2dx\kazmath\include" /I"E:\vs_projects\Air Hockey Box2d\cocos2dx\platform\win32" /I"E:\vs_projects\Air Hockey Box2d\cocos2dx\platform\third_party\win32" /I"E:\vs_projects\Air Hockey Box2d\cocos2dx\platform\third_party\win32\OGLES" /I"E:\vs_projects\Air Hockey Box2d\CocosDenshion\include" /ZI /nologo /W3 /WX- /Od /Oy- /D WIN32 /D _WINDOWS /D STRICT /D _CRT_SECURE_NO_WARNINGS /D _SCL_SECURE_NO_WARNINGS_DEBUG /D COCOS2D_DEBUG=1 /D _UNICODE /D UNICODE /Gm /EHsc /RTC1 /MDd /GS /fp:precise /Zc:wchar_t /Zc:forScope /Fo"Debug.win32\\" /Fd"Debug.win32\vc100.pdb" /Gd /TP /wd4267 /wd4251 /wd4244 /analyze- /errorReport:prompt ..\Classes\Ball.cpp ..\Classes\GameLayer.cpp
         GameLayer.cpp
         Generating Code...
         Skipping... (no relevant changes detected)
         Ball.cpp
       ResourceCompile:
         C:\Program Files\Microsoft SDKs\Windows\v7.0A\bin\rc.exe /D _DEBUG /D _UNICODE /D UNICODE /l"0x0409" /IDebug.win32\ /nologo /fo"Debug.win32\Air Hockey.res" "Air Hockey.rc" 
       ManifestResourceCompile:
         C:\Program Files\Microsoft SDKs\Windows\v7.0A\bin\rc.exe /nologo /fo"Debug.win32\Air Hockey.win32.exe.embed.manifest.res" "Debug.win32\Air Hockey.win32_manifest.rc" 
       Link:
         E:\Program Files\Microsoft Visual Studio 10.0\VC\bin\link.exe /ERRORREPORT:PROMPT /OUT:"E:\vs_projects\Air Hockey Box2d\Debug.win32\Air Hockey.win32.exe" /INCREMENTAL /NOLOGO /LIBPATH:"E:\vs_projects\Air Hockey Box2d\Debug.win32\\" libcocos2d.lib opengl32.lib glew32.lib libCocosDenshion.lib libBox2d.lib kernel32.lib user32.lib gdi32.lib winspool.lib comdlg32.lib advapi32.lib shell32.lib ole32.lib oleaut32.lib uuid.lib odbc32.lib odbccp32.lib /MANIFEST /ManifestFile:"Debug.win32\Air Hockey.win32.exe.intermediate.manifest" /MANIFESTUAC:"level='asInvoker' uiAccess='false'" /DEBUG /PDB:"E:\vs_projects\Air Hockey Box2d\Debug.win32\Air Hockey.win32.pdb" /SUBSYSTEM:WINDOWS /TLBID:1 /DYNAMICBASE /NXCOMPAT /IMPLIB:"E:\vs_projects\Air Hockey Box2d\Debug.win32\Air Hockey.win32.lib" /MACHINE:X86 "Debug.win32\Air Hockey.res"
         "Debug.win32\Air Hockey.win32.exe.embed.manifest.res"
         Debug.win32\AppDelegate.obj
         Debug.win32\b2Sprite.obj
         Debug.win32\Ball.obj
         Debug.win32\CollisionListener.obj
         Debug.win32\GameLayer.obj
         Debug.win32\GLES_Render.obj
         Debug.win32\Goal.obj
         Debug.win32\Player.obj
         Debug.win32\main.obj
       Manifest:
         C:\Program Files\Microsoft SDKs\Windows\v7.0A\bin\mt.exe /nologo /verbose /out:"Debug.win32\Air Hockey.win32.exe.embed.manifest" /manifest "Debug.win32\Air Hockey.win32.exe.intermediate.manifest"
         C:\Program Files\Microsoft SDKs\Windows\v7.0A\bin\rc.exe /nologo /fo"Debug.win32\Air Hockey.win32.exe.embed.manifest.res" "Debug.win32\Air Hockey.win32_manifest.rc" 
       LinkEmbedManifest:
         E:\Program Files\Microsoft Visual Studio 10.0\VC\bin\link.exe /ERRORREPORT:PROMPT /OUT:"E:\vs_projects\Air Hockey Box2d\Debug.win32\Air Hockey.win32.exe" /INCREMENTAL /NOLOGO /LIBPATH:"E:\vs_projects\Air Hockey Box2d\Debug.win32\\" libcocos2d.lib opengl32.lib glew32.lib libCocosDenshion.lib libBox2d.lib kernel32.lib user32.lib gdi32.lib winspool.lib comdlg32.lib advapi32.lib shell32.lib ole32.lib oleaut32.lib uuid.lib odbc32.lib odbccp32.lib /MANIFEST /ManifestFile:"Debug.win32\Air Hockey.win32.exe.intermediate.manifest" /MANIFESTUAC:"level='asInvoker' uiAccess='false'" /DEBUG /PDB:"E:\vs_projects\Air Hockey Box2d\Debug.win32\Air Hockey.win32.pdb" /SUBSYSTEM:WINDOWS /TLBID:1 /DYNAMICBASE /NXCOMPAT /IMPLIB:"E:\vs_projects\Air Hockey Box2d\Debug.win32\Air Hockey.win32.lib" /MACHINE:X86 "Debug.win32\Air Hockey.res"
         "Debug.win32\Air Hockey.win32.exe.embed.manifest.res"
         Debug.win32\AppDelegate.obj
         Debug.win32\b2Sprite.obj
         Debug.win32\Ball.obj
         Debug.win32\CollisionListener.obj
         Debug.win32\GameLayer.obj
         Debug.win32\GLES_Render.obj
         Debug.win32\Goal.obj
         Debug.win32\Player.obj
         Debug.win32\main.obj
         Air Hockey.win32.vcxproj -> E:\vs_projects\Air Hockey Box2d\Debug.win32\Air Hockey.win32.exe
       FinalizeBuildStatus:
         Deleting file "Debug.win32\Air Hockey.win32.unsuccessfulbuild".
         Touching "Debug.win32\Air Hockey.win32.lastbuildstate".
     1>Done Building Project "E:\vs_projects\Air Hockey Box2d\Air Hockey\proj.win32\Air Hockey.win32.vcxproj" (build target(s)).

Build succeeded.

Time Elapsed 00:00:19.42
